Building DAG of jobs...
Using shell: /usr/bin/bash
Provided cores: 6
Rules claiming more threads will be scaled down.
Job stats:
job      count    min threads    max threads
-----  -------  -------------  -------------
dge          1              1              1
total        1              1              1

Select jobs to execute...

[Fri Feb 25 20:42:07 2022]
rule dge:
    input: ../testdata/counts_3, ../testdata/info_3.txt
    jobid: 0
    resources: tmpdir=/tmp

Rscript --vanilla /home/joan/OneDrive/UOC/TFM/snakemake-workflow-cnag/.snakemake/scripts/tmpa4zdqs5c.deseq2.R
[Fri Feb 25 20:42:43 2022]
Finished job 0.
1 of 1 steps (100%) done
Complete log: /home/joan/OneDrive/UOC/TFM/snakemake-workflow-cnag/.snakemake/log/2022-02-25T204207.026144.snakemake.log
